Requirement already up-to-date: clienBBS in /Users/slz/anaconda3/lib/python3.6/site-packages
Requirement already up-to-date: certifi in /Users/slz/anaconda3/lib/python3.6/site-packages (from clienBBS)
Requirement already up-to-date: lxml in /Users/slz/anaconda3/lib/python3.6/site-packages (from clienBBS)
Requirement already up-to-date: pyreadline in /Users/slz/anaconda3/lib/python3.6/site-packages (from clienBBS)
Requirement already up-to-date: requests in /Users/slz/anaconda3/lib/python3.6/site-packages (from clienBBS)
Requirement already up-to-date: bs4 in /Users/slz/anaconda3/lib/python3.6/site-packages (from clienBBS)
Requirement already up-to-date: urllib3 in /Users/slz/anaconda3/lib/python3.6/site-packages (from clienBBS)
Requirement already up-to-date: image in /Users/slz/anaconda3/lib/python3.6/site-packages (from clienBBS)
Requirement already up-to-date: chardet<3.1.0,>=3.0.2 in /Users/slz/anaconda3/lib/python3.6/site-packages (from requests->clienBBS)
Requirement already up-to-date: idna<2.7,>=2.5 in /Users/slz/anaconda3/lib/python3.6/site-packages (from requests->clienBBS)
Requirement already up-to-date: beautifulsoup4 in /Users/slz/anaconda3/lib/python3.6/site-packages (from bs4->clienBBS)
Requirement already up-to-date: django in /Users/slz/anaconda3/lib/python3.6/site-packages (from image->clienBBS)
Requirement already up-to-date: pillow in /Users/slz/anaconda3/lib/python3.6/site-packages (from image->clienBBS)
Requirement already up-to-date: pytz in /Users/slz/anaconda3/lib/python3.6/site-packages (from django->image->clienBBS)
Requirement already up-to-date: olefile in /Users/slz/anaconda3/lib/python3.6/site-packages (from pillow->image->clienBBS)
Requirement already up-to-date: clienBBS in /Users/slz/anaconda3/lib/python3.6/site-packages
Requirement already up-to-date: urllib3 in /Users/slz/anaconda3/lib/python3.6/site-packages (from clienBBS)
Requirement already up-to-date: certifi in /Users/slz/anaconda3/lib/python3.6/site-packages (from clienBBS)
Requirement already up-to-date: pyreadline in /Users/slz/anaconda3/lib/python3.6/site-packages (from clienBBS)
Requirement already up-to-date: image in /Users/slz/anaconda3/lib/python3.6/site-packages (from clienBBS)
Requirement already up-to-date: requests in /Users/slz/anaconda3/lib/python3.6/site-packages (from clienBBS)
Requirement already up-to-date: bs4 in /Users/slz/anaconda3/lib/python3.6/site-packages (from clienBBS)
Requirement already up-to-date: lxml in /Users/slz/anaconda3/lib/python3.6/site-packages (from clienBBS)
Requirement already up-to-date: django in /Users/slz/anaconda3/lib/python3.6/site-packages (from image->clienBBS)
Requirement already up-to-date: pillow in /Users/slz/anaconda3/lib/python3.6/site-packages (from image->clienBBS)
Requirement already up-to-date: chardet<3.1.0,>=3.0.2 in /Users/slz/anaconda3/lib/python3.6/site-packages (from requests->clienBBS)
Requirement already up-to-date: idna<2.7,>=2.5 in /Users/slz/anaconda3/lib/python3.6/site-packages (from requests->clienBBS)
Requirement already up-to-date: beautifulsoup4 in /Users/slz/anaconda3/lib/python3.6/site-packages (from bs4->clienBBS)
Requirement already up-to-date: pytz in /Users/slz/anaconda3/lib/python3.6/site-packages (from django->image->clienBBS)
Requirement already up-to-date: olefile in /Users/slz/anaconda3/lib/python3.6/site-packages (from pillow->image->clienBBS)
Requirement already up-to-date: clienBBS in /Users/slz/anaconda3/lib/python3.6/site-packages
Requirement already up-to-date: certifi in /Users/slz/anaconda3/lib/python3.6/site-packages (from clienBBS)
Requirement already up-to-date: lxml in /Users/slz/anaconda3/lib/python3.6/site-packages (from clienBBS)
Requirement already up-to-date: urllib3 in /Users/slz/anaconda3/lib/python3.6/site-packages (from clienBBS)
Requirement already up-to-date: bs4 in /Users/slz/anaconda3/lib/python3.6/site-packages (from clienBBS)
Requirement already up-to-date: requests in /Users/slz/anaconda3/lib/python3.6/site-packages (from clienBBS)
Requirement already up-to-date: image in /Users/slz/anaconda3/lib/python3.6/site-packages (from clienBBS)
Requirement already up-to-date: pyreadline in /Users/slz/anaconda3/lib/python3.6/site-packages (from clienBBS)
Requirement already up-to-date: beautifulsoup4 in /Users/slz/anaconda3/lib/python3.6/site-packages (from bs4->clienBBS)
Requirement already up-to-date: chardet<3.1.0,>=3.0.2 in /Users/slz/anaconda3/lib/python3.6/site-packages (from requests->clienBBS)
Requirement already up-to-date: idna<2.7,>=2.5 in /Users/slz/anaconda3/lib/python3.6/site-packages (from requests->clienBBS)
Requirement already up-to-date: pillow in /Users/slz/anaconda3/lib/python3.6/site-packages (from image->clienBBS)
Requirement already up-to-date: django in /Users/slz/anaconda3/lib/python3.6/site-packages (from image->clienBBS)
Requirement already up-to-date: olefile in /Users/slz/anaconda3/lib/python3.6/site-packages (from pillow->image->clienBBS)
Requirement already up-to-date: pytz in /Users/slz/anaconda3/lib/python3.6/site-packages (from django->image->clienBBS)
Requirement already up-to-date: clienBBS in /Users/slz/anaconda3/lib/python3.6/site-packages
Requirement already up-to-date: pyreadline in /Users/slz/anaconda3/lib/python3.6/site-packages (from clienBBS)
Requirement already up-to-date: requests in /Users/slz/anaconda3/lib/python3.6/site-packages (from clienBBS)
Requirement already up-to-date: image in /Users/slz/anaconda3/lib/python3.6/site-packages (from clienBBS)
Requirement already up-to-date: urllib3 in /Users/slz/anaconda3/lib/python3.6/site-packages (from clienBBS)
Requirement already up-to-date: certifi in /Users/slz/anaconda3/lib/python3.6/site-packages (from clienBBS)
Requirement already up-to-date: bs4 in /Users/slz/anaconda3/lib/python3.6/site-packages (from clienBBS)
Requirement already up-to-date: lxml in /Users/slz/anaconda3/lib/python3.6/site-packages (from clienBBS)
Requirement already up-to-date: chardet<3.1.0,>=3.0.2 in /Users/slz/anaconda3/lib/python3.6/site-packages (from requests->clienBBS)
Requirement already up-to-date: idna<2.7,>=2.5 in /Users/slz/anaconda3/lib/python3.6/site-packages (from requests->clienBBS)
Requirement already up-to-date: django in /Users/slz/anaconda3/lib/python3.6/site-packages (from image->clienBBS)
Requirement already up-to-date: pillow in /Users/slz/anaconda3/lib/python3.6/site-packages (from image->clienBBS)
Requirement already up-to-date: beautifulsoup4 in /Users/slz/anaconda3/lib/python3.6/site-packages (from bs4->clienBBS)
Requirement already up-to-date: pytz in /Users/slz/anaconda3/lib/python3.6/site-packages (from django->image->clienBBS)
Requirement already up-to-date: olefile in /Users/slz/anaconda3/lib/python3.6/site-packages (from pillow->image->clienBBS)
Requirement already up-to-date: clienBBS in /Users/slz/anaconda3/lib/python3.6/site-packages
Requirement already up-to-date: pyreadline in /Users/slz/anaconda3/lib/python3.6/site-packages (from clienBBS)
Requirement already up-to-date: bs4 in /Users/slz/anaconda3/lib/python3.6/site-packages (from clienBBS)
Requirement already up-to-date: lxml in /Users/slz/anaconda3/lib/python3.6/site-packages (from clienBBS)
Requirement already up-to-date: image in /Users/slz/anaconda3/lib/python3.6/site-packages (from clienBBS)
Requirement already up-to-date: requests in /Users/slz/anaconda3/lib/python3.6/site-packages (from clienBBS)
Requirement already up-to-date: certifi in /Users/slz/anaconda3/lib/python3.6/site-packages (from clienBBS)
Requirement already up-to-date: urllib3 in /Users/slz/anaconda3/lib/python3.6/site-packages (from clienBBS)
Requirement already up-to-date: beautifulsoup4 in /Users/slz/anaconda3/lib/python3.6/site-packages (from bs4->clienBBS)
Requirement already up-to-date: pillow in /Users/slz/anaconda3/lib/python3.6/site-packages (from image->clienBBS)
Requirement already up-to-date: django in /Users/slz/anaconda3/lib/python3.6/site-packages (from image->clienBBS)
Requirement already up-to-date: chardet<3.1.0,>=3.0.2 in /Users/slz/anaconda3/lib/python3.6/site-packages (from requests->clienBBS)
Requirement already up-to-date: idna<2.7,>=2.5 in /Users/slz/anaconda3/lib/python3.6/site-packages (from requests->clienBBS)
Requirement already up-to-date: olefile in /Users/slz/anaconda3/lib/python3.6/site-packages (from pillow->image->clienBBS)
Requirement already up-to-date: pytz in /Users/slz/anaconda3/lib/python3.6/site-packages (from django->image->clienBBS)
Requirement already up-to-date: clienBBS in /Users/slz/anaconda3/lib/python3.6/site-packages
Requirement already up-to-date: certifi in /Users/slz/anaconda3/lib/python3.6/site-packages (from clienBBS)
Requirement already up-to-date: pyreadline in /Users/slz/anaconda3/lib/python3.6/site-packages (from clienBBS)
Requirement already up-to-date: image in /Users/slz/anaconda3/lib/python3.6/site-packages (from clienBBS)
Requirement already up-to-date: bs4 in /Users/slz/anaconda3/lib/python3.6/site-packages (from clienBBS)
Requirement already up-to-date: urllib3 in /Users/slz/anaconda3/lib/python3.6/site-packages (from clienBBS)
Requirement already up-to-date: requests in /Users/slz/anaconda3/lib/python3.6/site-packages (from clienBBS)
Requirement already up-to-date: lxml in /Users/slz/anaconda3/lib/python3.6/site-packages (from clienBBS)
Requirement already up-to-date: django in /Users/slz/anaconda3/lib/python3.6/site-packages (from image->clienBBS)
Requirement already up-to-date: pillow in /Users/slz/anaconda3/lib/python3.6/site-packages (from image->clienBBS)
Requirement already up-to-date: beautifulsoup4 in /Users/slz/anaconda3/lib/python3.6/site-packages (from bs4->clienBBS)
Requirement already up-to-date: chardet<3.1.0,>=3.0.2 in /Users/slz/anaconda3/lib/python3.6/site-packages (from requests->clienBBS)
Requirement already up-to-date: idna<2.7,>=2.5 in /Users/slz/anaconda3/lib/python3.6/site-packages (from requests->clienBBS)
Requirement already up-to-date: pytz in /Users/slz/anaconda3/lib/python3.6/site-packages (from django->image->clienBBS)
Requirement already up-to-date: olefile in /Users/slz/anaconda3/lib/python3.6/site-packages (from pillow->image->clienBBS)
Requirement already up-to-date: clienBBS in /Users/slz/anaconda3/lib/python3.6/site-packages
Requirement already up-to-date: urllib3 in /Users/slz/anaconda3/lib/python3.6/site-packages (from clienBBS)
Requirement already up-to-date: certifi in /Users/slz/anaconda3/lib/python3.6/site-packages (from clienBBS)
Requirement already up-to-date: image in /Users/slz/anaconda3/lib/python3.6/site-packages (from clienBBS)
Requirement already up-to-date: bs4 in /Users/slz/anaconda3/lib/python3.6/site-packages (from clienBBS)
Requirement already up-to-date: lxml in /Users/slz/anaconda3/lib/python3.6/site-packages (from clienBBS)
Requirement already up-to-date: requests in /Users/slz/anaconda3/lib/python3.6/site-packages (from clienBBS)
Requirement already up-to-date: pyreadline in /Users/slz/anaconda3/lib/python3.6/site-packages (from clienBBS)
Requirement already up-to-date: django in /Users/slz/anaconda3/lib/python3.6/site-packages (from image->clienBBS)
Requirement already up-to-date: pillow in /Users/slz/anaconda3/lib/python3.6/site-packages (from image->clienBBS)
Requirement already up-to-date: beautifulsoup4 in /Users/slz/anaconda3/lib/python3.6/site-packages (from bs4->clienBBS)
Requirement already up-to-date: chardet<3.1.0,>=3.0.2 in /Users/slz/anaconda3/lib/python3.6/site-packages (from requests->clienBBS)
Requirement already up-to-date: idna<2.7,>=2.5 in /Users/slz/anaconda3/lib/python3.6/site-packages (from requests->clienBBS)
Requirement already up-to-date: pytz in /Users/slz/anaconda3/lib/python3.6/site-packages (from django->image->clienBBS)
Requirement already up-to-date: olefile in /Users/slz/anaconda3/lib/python3.6/site-packages (from pillow->image->clienBBS)
Requirement already up-to-date: clienBBS in /Users/slz/anaconda3/lib/python3.6/site-packages
Requirement already up-to-date: requests in /Users/slz/anaconda3/lib/python3.6/site-packages (from clienBBS)
Requirement already up-to-date: bs4 in /Users/slz/anaconda3/lib/python3.6/site-packages (from clienBBS)
Requirement already up-to-date: certifi in /Users/slz/anaconda3/lib/python3.6/site-packages (from clienBBS)
Requirement already up-to-date: image in /Users/slz/anaconda3/lib/python3.6/site-packages (from clienBBS)
Requirement already up-to-date: lxml in /Users/slz/anaconda3/lib/python3.6/site-packages (from clienBBS)
Requirement already up-to-date: urllib3 in /Users/slz/anaconda3/lib/python3.6/site-packages (from clienBBS)
Requirement already up-to-date: pyreadline in /Users/slz/anaconda3/lib/python3.6/site-packages (from clienBBS)
Requirement already up-to-date: chardet<3.1.0,>=3.0.2 in /Users/slz/anaconda3/lib/python3.6/site-packages (from requests->clienBBS)
Requirement already up-to-date: idna<2.7,>=2.5 in /Users/slz/anaconda3/lib/python3.6/site-packages (from requests->clienBBS)
Requirement already up-to-date: beautifulsoup4 in /Users/slz/anaconda3/lib/python3.6/site-packages (from bs4->clienBBS)
Requirement already up-to-date: pillow in /Users/slz/anaconda3/lib/python3.6/site-packages (from image->clienBBS)
Requirement already up-to-date: django in /Users/slz/anaconda3/lib/python3.6/site-packages (from image->clienBBS)
Requirement already up-to-date: olefile in /Users/slz/anaconda3/lib/python3.6/site-packages (from pillow->image->clienBBS)
Requirement already up-to-date: pytz in /Users/slz/anaconda3/lib/python3.6/site-packages (from django->image->clienBBS)
Requirement already up-to-date: clienBBS in /Users/slz/anaconda3/lib/python3.6/site-packages
Requirement already up-to-date: pyreadline in /Users/slz/anaconda3/lib/python3.6/site-packages (from clienBBS)
Requirement already up-to-date: lxml in /Users/slz/anaconda3/lib/python3.6/site-packages (from clienBBS)
Requirement already up-to-date: urllib3 in /Users/slz/anaconda3/lib/python3.6/site-packages (from clienBBS)
Requirement already up-to-date: requests in /Users/slz/anaconda3/lib/python3.6/site-packages (from clienBBS)
Requirement already up-to-date: certifi in /Users/slz/anaconda3/lib/python3.6/site-packages (from clienBBS)
Requirement already up-to-date: bs4 in /Users/slz/anaconda3/lib/python3.6/site-packages (from clienBBS)
Requirement already up-to-date: image in /Users/slz/anaconda3/lib/python3.6/site-packages (from clienBBS)
Requirement already up-to-date: chardet<3.1.0,>=3.0.2 in /Users/slz/anaconda3/lib/python3.6/site-packages (from requests->clienBBS)
Requirement already up-to-date: idna<2.7,>=2.5 in /Users/slz/anaconda3/lib/python3.6/site-packages (from requests->clienBBS)
Requirement already up-to-date: beautifulsoup4 in /Users/slz/anaconda3/lib/python3.6/site-packages (from bs4->clienBBS)
Requirement already up-to-date: django in /Users/slz/anaconda3/lib/python3.6/site-packages (from image->clienBBS)
Requirement already up-to-date: pillow in /Users/slz/anaconda3/lib/python3.6/site-packages (from image->clienBBS)
Requirement already up-to-date: pytz in /Users/slz/anaconda3/lib/python3.6/site-packages (from django->image->clienBBS)
Requirement already up-to-date: olefile in /Users/slz/anaconda3/lib/python3.6/site-packages (from pillow->image->clienBBS)
Requirement already up-to-date: clienBBS in /Users/slz/anaconda3/lib/python3.6/site-packages
Requirement already up-to-date: certifi in /Users/slz/anaconda3/lib/python3.6/site-packages (from clienBBS)
Requirement already up-to-date: pyreadline in /Users/slz/anaconda3/lib/python3.6/site-packages (from clienBBS)
Requirement already up-to-date: urllib3 in /Users/slz/anaconda3/lib/python3.6/site-packages (from clienBBS)
Requirement already up-to-date: image in /Users/slz/anaconda3/lib/python3.6/site-packages (from clienBBS)
Requirement already up-to-date: lxml in /Users/slz/anaconda3/lib/python3.6/site-packages (from clienBBS)
Requirement already up-to-date: requests in /Users/slz/anaconda3/lib/python3.6/site-packages (from clienBBS)
Requirement already up-to-date: bs4 in /Users/slz/anaconda3/lib/python3.6/site-packages (from clienBBS)
Requirement already up-to-date: pillow in /Users/slz/anaconda3/lib/python3.6/site-packages (from image->clienBBS)
Requirement already up-to-date: django in /Users/slz/anaconda3/lib/python3.6/site-packages (from image->clienBBS)
Requirement already up-to-date: chardet<3.1.0,>=3.0.2 in /Users/slz/anaconda3/lib/python3.6/site-packages (from requests->clienBBS)
Requirement already up-to-date: idna<2.7,>=2.5 in /Users/slz/anaconda3/lib/python3.6/site-packages (from requests->clienBBS)
Requirement already up-to-date: beautifulsoup4 in /Users/slz/anaconda3/lib/python3.6/site-packages (from bs4->clienBBS)
Requirement already up-to-date: olefile in /Users/slz/anaconda3/lib/python3.6/site-packages (from pillow->image->clienBBS)
Requirement already up-to-date: pytz in /Users/slz/anaconda3/lib/python3.6/site-packages (from django->image->clienBBS)
Requirement already up-to-date: clienBBS in /Users/slz/anaconda3/lib/python3.6/site-packages
Requirement already up-to-date: certifi in /Users/slz/anaconda3/lib/python3.6/site-packages (from clienBBS)
Requirement already up-to-date: requests in /Users/slz/anaconda3/lib/python3.6/site-packages (from clienBBS)
Requirement already up-to-date: pyreadline in /Users/slz/anaconda3/lib/python3.6/site-packages (from clienBBS)
Requirement already up-to-date: urllib3 in /Users/slz/anaconda3/lib/python3.6/site-packages (from clienBBS)
Requirement already up-to-date: lxml in /Users/slz/anaconda3/lib/python3.6/site-packages (from clienBBS)
Requirement already up-to-date: image in /Users/slz/anaconda3/lib/python3.6/site-packages (from clienBBS)
Requirement already up-to-date: bs4 in /Users/slz/anaconda3/lib/python3.6/site-packages (from clienBBS)
Requirement already up-to-date: chardet<3.1.0,>=3.0.2 in /Users/slz/anaconda3/lib/python3.6/site-packages (from requests->clienBBS)
Requirement already up-to-date: idna<2.7,>=2.5 in /Users/slz/anaconda3/lib/python3.6/site-packages (from requests->clienBBS)
Requirement already up-to-date: django in /Users/slz/anaconda3/lib/python3.6/site-packages (from image->clienBBS)
Requirement already up-to-date: pillow in /Users/slz/anaconda3/lib/python3.6/site-packages (from image->clienBBS)
Requirement already up-to-date: beautifulsoup4 in /Users/slz/anaconda3/lib/python3.6/site-packages (from bs4->clienBBS)
Requirement already up-to-date: pytz in /Users/slz/anaconda3/lib/python3.6/site-packages (from django->image->clienBBS)
Requirement already up-to-date: olefile in /Users/slz/anaconda3/lib/python3.6/site-packages (from pillow->image->clienBBS)
Requirement already up-to-date: clienBBS in /Users/slz/anaconda3/lib/python3.6/site-packages
Requirement already up-to-date: bs4 in /Users/slz/anaconda3/lib/python3.6/site-packages (from clienBBS)
Requirement already up-to-date: image in /Users/slz/anaconda3/lib/python3.6/site-packages (from clienBBS)
Requirement already up-to-date: urllib3 in /Users/slz/anaconda3/lib/python3.6/site-packages (from clienBBS)
Requirement already up-to-date: certifi in /Users/slz/anaconda3/lib/python3.6/site-packages (from clienBBS)
Requirement already up-to-date: pyreadline in /Users/slz/anaconda3/lib/python3.6/site-packages (from clienBBS)
Requirement already up-to-date: requests in /Users/slz/anaconda3/lib/python3.6/site-packages (from clienBBS)
Requirement already up-to-date: lxml in /Users/slz/anaconda3/lib/python3.6/site-packages (from clienBBS)
Requirement already up-to-date: beautifulsoup4 in /Users/slz/anaconda3/lib/python3.6/site-packages (from bs4->clienBBS)
Requirement already up-to-date: pillow in /Users/slz/anaconda3/lib/python3.6/site-packages (from image->clienBBS)
Requirement already up-to-date: django in /Users/slz/anaconda3/lib/python3.6/site-packages (from image->clienBBS)
Requirement already up-to-date: chardet<3.1.0,>=3.0.2 in /Users/slz/anaconda3/lib/python3.6/site-packages (from requests->clienBBS)
Requirement already up-to-date: idna<2.7,>=2.5 in /Users/slz/anaconda3/lib/python3.6/site-packages (from requests->clienBBS)
Requirement already up-to-date: olefile in /Users/slz/anaconda3/lib/python3.6/site-packages (from pillow->image->clienBBS)
Requirement already up-to-date: pytz in /Users/slz/anaconda3/lib/python3.6/site-packages (from django->image->clienBBS)
Requirement already up-to-date: clienBBS in /Users/slz/anaconda3/lib/python3.6/site-packages
Requirement already up-to-date: certifi in /Users/slz/anaconda3/lib/python3.6/site-packages (from clienBBS)
Requirement already up-to-date: requests in /Users/slz/anaconda3/lib/python3.6/site-packages (from clienBBS)
Requirement already up-to-date: lxml in /Users/slz/anaconda3/lib/python3.6/site-packages (from clienBBS)
Requirement already up-to-date: urllib3 in /Users/slz/anaconda3/lib/python3.6/site-packages (from clienBBS)
Requirement already up-to-date: bs4 in /Users/slz/anaconda3/lib/python3.6/site-packages (from clienBBS)
Requirement already up-to-date: image in /Users/slz/anaconda3/lib/python3.6/site-packages (from clienBBS)
Requirement already up-to-date: pyreadline in /Users/slz/anaconda3/lib/python3.6/site-packages (from clienBBS)
Requirement already up-to-date: chardet<3.1.0,>=3.0.2 in /Users/slz/anaconda3/lib/python3.6/site-packages (from requests->clienBBS)
Requirement already up-to-date: idna<2.7,>=2.5 in /Users/slz/anaconda3/lib/python3.6/site-packages (from requests->clienBBS)
Requirement already up-to-date: beautifulsoup4 in /Users/slz/anaconda3/lib/python3.6/site-packages (from bs4->clienBBS)
Requirement already up-to-date: django in /Users/slz/anaconda3/lib/python3.6/site-packages (from image->clienBBS)
Requirement already up-to-date: pillow in /Users/slz/anaconda3/lib/python3.6/site-packages (from image->clienBBS)
Requirement already up-to-date: pytz in /Users/slz/anaconda3/lib/python3.6/site-packages (from django->image->clienBBS)
Requirement already up-to-date: olefile in /Users/slz/anaconda3/lib/python3.6/site-packages (from pillow->image->clienBBS)
Requirement already up-to-date: clienBBS in /Users/slz/anaconda3/lib/python3.6/site-packages
Requirement already up-to-date: certifi in /Users/slz/anaconda3/lib/python3.6/site-packages (from clienBBS)
Requirement already up-to-date: urllib3 in /Users/slz/anaconda3/lib/python3.6/site-packages (from clienBBS)
Requirement already up-to-date: requests in /Users/slz/anaconda3/lib/python3.6/site-packages (from clienBBS)
Requirement already up-to-date: lxml in /Users/slz/anaconda3/lib/python3.6/site-packages (from clienBBS)
Requirement already up-to-date: image in /Users/slz/anaconda3/lib/python3.6/site-packages (from clienBBS)
Requirement already up-to-date: pyreadline in /Users/slz/anaconda3/lib/python3.6/site-packages (from clienBBS)
Requirement already up-to-date: bs4 in /Users/slz/anaconda3/lib/python3.6/site-packages (from clienBBS)
Requirement already up-to-date: chardet<3.1.0,>=3.0.2 in /Users/slz/anaconda3/lib/python3.6/site-packages (from requests->clienBBS)
Requirement already up-to-date: idna<2.7,>=2.5 in /Users/slz/anaconda3/lib/python3.6/site-packages (from requests->clienBBS)
Requirement already up-to-date: pillow in /Users/slz/anaconda3/lib/python3.6/site-packages (from image->clienBBS)
Requirement already up-to-date: django in /Users/slz/anaconda3/lib/python3.6/site-packages (from image->clienBBS)
Requirement already up-to-date: beautifulsoup4 in /Users/slz/anaconda3/lib/python3.6/site-packages (from bs4->clienBBS)
Requirement already up-to-date: olefile in /Users/slz/anaconda3/lib/python3.6/site-packages (from pillow->image->clienBBS)
Requirement already up-to-date: pytz in /Users/slz/anaconda3/lib/python3.6/site-packages (from django->image->clienBBS)
Requirement already up-to-date: clienBBS in /Users/slz/anaconda3/lib/python3.6/site-packages
Requirement already up-to-date: bs4 in /Users/slz/anaconda3/lib/python3.6/site-packages (from clienBBS)
Requirement already up-to-date: pyreadline in /Users/slz/anaconda3/lib/python3.6/site-packages (from clienBBS)
Requirement already up-to-date: lxml in /Users/slz/anaconda3/lib/python3.6/site-packages (from clienBBS)
Requirement already up-to-date: requests in /Users/slz/anaconda3/lib/python3.6/site-packages (from clienBBS)
Requirement already up-to-date: certifi in /Users/slz/anaconda3/lib/python3.6/site-packages (from clienBBS)
Requirement already up-to-date: urllib3 in /Users/slz/anaconda3/lib/python3.6/site-packages (from clienBBS)
Requirement already up-to-date: image in /Users/slz/anaconda3/lib/python3.6/site-packages (from clienBBS)
Requirement already up-to-date: beautifulsoup4 in /Users/slz/anaconda3/lib/python3.6/site-packages (from bs4->clienBBS)
Requirement already up-to-date: chardet<3.1.0,>=3.0.2 in /Users/slz/anaconda3/lib/python3.6/site-packages (from requests->clienBBS)
Requirement already up-to-date: idna<2.7,>=2.5 in /Users/slz/anaconda3/lib/python3.6/site-packages (from requests->clienBBS)
Requirement already up-to-date: pillow in /Users/slz/anaconda3/lib/python3.6/site-packages (from image->clienBBS)
Requirement already up-to-date: django in /Users/slz/anaconda3/lib/python3.6/site-packages (from image->clienBBS)
Requirement already up-to-date: olefile in /Users/slz/anaconda3/lib/python3.6/site-packages (from pillow->image->clienBBS)
Requirement already up-to-date: pytz in /Users/slz/anaconda3/lib/python3.6/site-packages (from django->image->clienBBS)
Requirement already up-to-date: clienBBS in /Users/slz/anaconda3/lib/python3.6/site-packages
Requirement already up-to-date: bs4 in /Users/slz/anaconda3/lib/python3.6/site-packages (from clienBBS)
Requirement already up-to-date: image in /Users/slz/anaconda3/lib/python3.6/site-packages (from clienBBS)
Requirement already up-to-date: lxml in /Users/slz/anaconda3/lib/python3.6/site-packages (from clienBBS)
Requirement already up-to-date: pyreadline in /Users/slz/anaconda3/lib/python3.6/site-packages (from clienBBS)
Requirement already up-to-date: urllib3 in /Users/slz/anaconda3/lib/python3.6/site-packages (from clienBBS)
Requirement already up-to-date: certifi in /Users/slz/anaconda3/lib/python3.6/site-packages (from clienBBS)
Requirement already up-to-date: requests in /Users/slz/anaconda3/lib/python3.6/site-packages (from clienBBS)
Requirement already up-to-date: beautifulsoup4 in /Users/slz/anaconda3/lib/python3.6/site-packages (from bs4->clienBBS)
Requirement already up-to-date: django in /Users/slz/anaconda3/lib/python3.6/site-packages (from image->clienBBS)
Requirement already up-to-date: pillow in /Users/slz/anaconda3/lib/python3.6/site-packages (from image->clienBBS)
Requirement already up-to-date: chardet<3.1.0,>=3.0.2 in /Users/slz/anaconda3/lib/python3.6/site-packages (from requests->clienBBS)
Requirement already up-to-date: idna<2.7,>=2.5 in /Users/slz/anaconda3/lib/python3.6/site-packages (from requests->clienBBS)
Requirement already up-to-date: pytz in /Users/slz/anaconda3/lib/python3.6/site-packages (from django->image->clienBBS)
Requirement already up-to-date: olefile in /Users/slz/anaconda3/lib/python3.6/site-packages (from pillow->image->clienBBS)
Requirement already up-to-date: clienBBS in /Users/slz/anaconda3/lib/python3.6/site-packages
Requirement already up-to-date: requests in /Users/slz/anaconda3/lib/python3.6/site-packages (from clienBBS)
Requirement already up-to-date: urllib3 in /Users/slz/anaconda3/lib/python3.6/site-packages (from clienBBS)
Requirement already up-to-date: pyreadline in /Users/slz/anaconda3/lib/python3.6/site-packages (from clienBBS)
Requirement already up-to-date: lxml in /Users/slz/anaconda3/lib/python3.6/site-packages (from clienBBS)
Requirement already up-to-date: image in /Users/slz/anaconda3/lib/python3.6/site-packages (from clienBBS)
Requirement already up-to-date: certifi in /Users/slz/anaconda3/lib/python3.6/site-packages (from clienBBS)
Requirement already up-to-date: bs4 in /Users/slz/anaconda3/lib/python3.6/site-packages (from clienBBS)
Requirement already up-to-date: chardet<3.1.0,>=3.0.2 in /Users/slz/anaconda3/lib/python3.6/site-packages (from requests->clienBBS)
Requirement already up-to-date: idna<2.7,>=2.5 in /Users/slz/anaconda3/lib/python3.6/site-packages (from requests->clienBBS)
Requirement already up-to-date: django in /Users/slz/anaconda3/lib/python3.6/site-packages (from image->clienBBS)
Requirement already up-to-date: pillow in /Users/slz/anaconda3/lib/python3.6/site-packages (from image->clienBBS)
Requirement already up-to-date: beautifulsoup4 in /Users/slz/anaconda3/lib/python3.6/site-packages (from bs4->clienBBS)
Requirement already up-to-date: pytz in /Users/slz/anaconda3/lib/python3.6/site-packages (from django->image->clienBBS)
Requirement already up-to-date: olefile in /Users/slz/anaconda3/lib/python3.6/site-packages (from pillow->image->clienBBS)
Requirement already up-to-date: clienBBS in /Users/slz/anaconda3/lib/python3.6/site-packages
Requirement already up-to-date: requests in /Users/slz/anaconda3/lib/python3.6/site-packages (from clienBBS)
Requirement already up-to-date: lxml in /Users/slz/anaconda3/lib/python3.6/site-packages (from clienBBS)
Requirement already up-to-date: urllib3 in /Users/slz/anaconda3/lib/python3.6/site-packages (from clienBBS)
Requirement already up-to-date: bs4 in /Users/slz/anaconda3/lib/python3.6/site-packages (from clienBBS)
Requirement already up-to-date: pyreadline in /Users/slz/anaconda3/lib/python3.6/site-packages (from clienBBS)
Requirement already up-to-date: certifi in /Users/slz/anaconda3/lib/python3.6/site-packages (from clienBBS)
Requirement already up-to-date: image in /Users/slz/anaconda3/lib/python3.6/site-packages (from clienBBS)
Requirement already up-to-date: chardet<3.1.0,>=3.0.2 in /Users/slz/anaconda3/lib/python3.6/site-packages (from requests->clienBBS)
Requirement already up-to-date: idna<2.7,>=2.5 in /Users/slz/anaconda3/lib/python3.6/site-packages (from requests->clienBBS)
Requirement already up-to-date: beautifulsoup4 in /Users/slz/anaconda3/lib/python3.6/site-packages (from bs4->clienBBS)
Requirement already up-to-date: django in /Users/slz/anaconda3/lib/python3.6/site-packages (from image->clienBBS)
Requirement already up-to-date: pillow in /Users/slz/anaconda3/lib/python3.6/site-packages (from image->clienBBS)
Requirement already up-to-date: pytz in /Users/slz/anaconda3/lib/python3.6/site-packages (from django->image->clienBBS)
Requirement already up-to-date: olefile in /Users/slz/anaconda3/lib/python3.6/site-packages (from pillow->image->clienBBS)
Requirement already up-to-date: clienBBS in /Users/slz/anaconda3/lib/python3.6/site-packages
Requirement already up-to-date: certifi in /Users/slz/anaconda3/lib/python3.6/site-packages (from clienBBS)
Requirement already up-to-date: lxml in /Users/slz/anaconda3/lib/python3.6/site-packages (from clienBBS)
Requirement already up-to-date: requests in /Users/slz/anaconda3/lib/python3.6/site-packages (from clienBBS)
Requirement already up-to-date: urllib3 in /Users/slz/anaconda3/lib/python3.6/site-packages (from clienBBS)
Requirement already up-to-date: bs4 in /Users/slz/anaconda3/lib/python3.6/site-packages (from clienBBS)
Requirement already up-to-date: image in /Users/slz/anaconda3/lib/python3.6/site-packages (from clienBBS)
Requirement already up-to-date: pyreadline in /Users/slz/anaconda3/lib/python3.6/site-packages (from clienBBS)
Requirement already up-to-date: chardet<3.1.0,>=3.0.2 in /Users/slz/anaconda3/lib/python3.6/site-packages (from requests->clienBBS)
Requirement already up-to-date: idna<2.7,>=2.5 in /Users/slz/anaconda3/lib/python3.6/site-packages (from requests->clienBBS)
Requirement already up-to-date: beautifulsoup4 in /Users/slz/anaconda3/lib/python3.6/site-packages (from bs4->clienBBS)
Requirement already up-to-date: pillow in /Users/slz/anaconda3/lib/python3.6/site-packages (from image->clienBBS)
Requirement already up-to-date: django in /Users/slz/anaconda3/lib/python3.6/site-packages (from image->clienBBS)
Requirement already up-to-date: olefile in /Users/slz/anaconda3/lib/python3.6/site-packages (from pillow->image->clienBBS)
Requirement already up-to-date: pytz in /Users/slz/anaconda3/lib/python3.6/site-packages (from django->image->clienBBS)
Requirement already up-to-date: clienBBS in /Users/slz/anaconda3/lib/python3.6/site-packages
Requirement already up-to-date: urllib3 in /Users/slz/anaconda3/lib/python3.6/site-packages (from clienBBS)
Requirement already up-to-date: bs4 in /Users/slz/anaconda3/lib/python3.6/site-packages (from clienBBS)
Requirement already up-to-date: pyreadline in /Users/slz/anaconda3/lib/python3.6/site-packages (from clienBBS)
Requirement already up-to-date: lxml in /Users/slz/anaconda3/lib/python3.6/site-packages (from clienBBS)
Requirement already up-to-date: image in /Users/slz/anaconda3/lib/python3.6/site-packages (from clienBBS)
Requirement already up-to-date: certifi in /Users/slz/anaconda3/lib/python3.6/site-packages (from clienBBS)
Requirement already up-to-date: requests in /Users/slz/anaconda3/lib/python3.6/site-packages (from clienBBS)
Requirement already up-to-date: beautifulsoup4 in /Users/slz/anaconda3/lib/python3.6/site-packages (from bs4->clienBBS)
Requirement already up-to-date: pillow in /Users/slz/anaconda3/lib/python3.6/site-packages (from image->clienBBS)
Requirement already up-to-date: django in /Users/slz/anaconda3/lib/python3.6/site-packages (from image->clienBBS)
Requirement already up-to-date: chardet<3.1.0,>=3.0.2 in /Users/slz/anaconda3/lib/python3.6/site-packages (from requests->clienBBS)
Requirement already up-to-date: idna<2.7,>=2.5 in /Users/slz/anaconda3/lib/python3.6/site-packages (from requests->clienBBS)
Requirement already up-to-date: olefile in /Users/slz/anaconda3/lib/python3.6/site-packages (from pillow->image->clienBBS)
Requirement already up-to-date: pytz in /Users/slz/anaconda3/lib/python3.6/site-packages (from django->image->clienBBS)
Requirement already up-to-date: clienBBS in /Users/slz/anaconda3/lib/python3.6/site-packages
Requirement already up-to-date: pyreadline in /Users/slz/anaconda3/lib/python3.6/site-packages (from clienBBS)
Requirement already up-to-date: certifi in /Users/slz/anaconda3/lib/python3.6/site-packages (from clienBBS)
Requirement already up-to-date: requests in /Users/slz/anaconda3/lib/python3.6/site-packages (from clienBBS)
Requirement already up-to-date: lxml in /Users/slz/anaconda3/lib/python3.6/site-packages (from clienBBS)
Requirement already up-to-date: bs4 in /Users/slz/anaconda3/lib/python3.6/site-packages (from clienBBS)
Requirement already up-to-date: urllib3 in /Users/slz/anaconda3/lib/python3.6/site-packages (from clienBBS)
Requirement already up-to-date: image in /Users/slz/anaconda3/lib/python3.6/site-packages (from clienBBS)
Requirement already up-to-date: chardet<3.1.0,>=3.0.2 in /Users/slz/anaconda3/lib/python3.6/site-packages (from requests->clienBBS)
Requirement already up-to-date: idna<2.7,>=2.5 in /Users/slz/anaconda3/lib/python3.6/site-packages (from requests->clienBBS)
Requirement already up-to-date: beautifulsoup4 in /Users/slz/anaconda3/lib/python3.6/site-packages (from bs4->clienBBS)
Requirement already up-to-date: pillow in /Users/slz/anaconda3/lib/python3.6/site-packages (from image->clienBBS)
Requirement already up-to-date: django in /Users/slz/anaconda3/lib/python3.6/site-packages (from image->clienBBS)
Requirement already up-to-date: olefile in /Users/slz/anaconda3/lib/python3.6/site-packages (from pillow->image->clienBBS)
Requirement already up-to-date: pytz in /Users/slz/anaconda3/lib/python3.6/site-packages (from django->image->clienBBS)
Requirement already up-to-date: clienBBS in /Users/slz/anaconda3/lib/python3.6/site-packages
Requirement already up-to-date: pyreadline in /Users/slz/anaconda3/lib/python3.6/site-packages (from clienBBS)
Requirement already up-to-date: image in /Users/slz/anaconda3/lib/python3.6/site-packages (from clienBBS)
Requirement already up-to-date: urllib3 in /Users/slz/anaconda3/lib/python3.6/site-packages (from clienBBS)
Requirement already up-to-date: requests in /Users/slz/anaconda3/lib/python3.6/site-packages (from clienBBS)
Requirement already up-to-date: lxml in /Users/slz/anaconda3/lib/python3.6/site-packages (from clienBBS)
Requirement already up-to-date: bs4 in /Users/slz/anaconda3/lib/python3.6/site-packages (from clienBBS)
Requirement already up-to-date: certifi in /Users/slz/anaconda3/lib/python3.6/site-packages (from clienBBS)
Requirement already up-to-date: pillow in /Users/slz/anaconda3/lib/python3.6/site-packages (from image->clienBBS)
Requirement already up-to-date: django in /Users/slz/anaconda3/lib/python3.6/site-packages (from image->clienBBS)
Requirement already up-to-date: chardet<3.1.0,>=3.0.2 in /Users/slz/anaconda3/lib/python3.6/site-packages (from requests->clienBBS)
Requirement already up-to-date: idna<2.7,>=2.5 in /Users/slz/anaconda3/lib/python3.6/site-packages (from requests->clienBBS)
Requirement already up-to-date: beautifulsoup4 in /Users/slz/anaconda3/lib/python3.6/site-packages (from bs4->clienBBS)
Requirement already up-to-date: olefile in /Users/slz/anaconda3/lib/python3.6/site-packages (from pillow->image->clienBBS)
Requirement already up-to-date: pytz in /Users/slz/anaconda3/lib/python3.6/site-packages (from django->image->clienBBS)
Requirement already up-to-date: clienBBS in /Users/slz/anaconda3/lib/python3.6/site-packages
Requirement already up-to-date: bs4 in /Users/slz/anaconda3/lib/python3.6/site-packages (from clienBBS)
Requirement already up-to-date: pyreadline in /Users/slz/anaconda3/lib/python3.6/site-packages (from clienBBS)
Requirement already up-to-date: lxml in /Users/slz/anaconda3/lib/python3.6/site-packages (from clienBBS)
Requirement already up-to-date: requests in /Users/slz/anaconda3/lib/python3.6/site-packages (from clienBBS)
Requirement already up-to-date: urllib3 in /Users/slz/anaconda3/lib/python3.6/site-packages (from clienBBS)
Requirement already up-to-date: image in /Users/slz/anaconda3/lib/python3.6/site-packages (from clienBBS)
Requirement already up-to-date: certifi in /Users/slz/anaconda3/lib/python3.6/site-packages (from clienBBS)
Requirement already up-to-date: beautifulsoup4 in /Users/slz/anaconda3/lib/python3.6/site-packages (from bs4->clienBBS)
Requirement already up-to-date: chardet<3.1.0,>=3.0.2 in /Users/slz/anaconda3/lib/python3.6/site-packages (from requests->clienBBS)
Requirement already up-to-date: idna<2.7,>=2.5 in /Users/slz/anaconda3/lib/python3.6/site-packages (from requests->clienBBS)
Requirement already up-to-date: django in /Users/slz/anaconda3/lib/python3.6/site-packages (from image->clienBBS)
Requirement already up-to-date: pillow in /Users/slz/anaconda3/lib/python3.6/site-packages (from image->clienBBS)
Requirement already up-to-date: pytz in /Users/slz/anaconda3/lib/python3.6/site-packages (from django->image->clienBBS)
Requirement already up-to-date: olefile in /Users/slz/anaconda3/lib/python3.6/site-packages (from pillow->image->clienBBS)
Requirement already up-to-date: clienBBS in /Users/slz/anaconda3/lib/python3.6/site-packages
Requirement already up-to-date: urllib3 in /Users/slz/anaconda3/lib/python3.6/site-packages (from clienBBS)
Requirement already up-to-date: lxml in /Users/slz/anaconda3/lib/python3.6/site-packages (from clienBBS)
Requirement already up-to-date: certifi in /Users/slz/anaconda3/lib/python3.6/site-packages (from clienBBS)
Requirement already up-to-date: bs4 in /Users/slz/anaconda3/lib/python3.6/site-packages (from clienBBS)
Requirement already up-to-date: image in /Users/slz/anaconda3/lib/python3.6/site-packages (from clienBBS)
Requirement already up-to-date: requests in /Users/slz/anaconda3/lib/python3.6/site-packages (from clienBBS)
Requirement already up-to-date: pyreadline in /Users/slz/anaconda3/lib/python3.6/site-packages (from clienBBS)
Requirement already up-to-date: beautifulsoup4 in /Users/slz/anaconda3/lib/python3.6/site-packages (from bs4->clienBBS)
Requirement already up-to-date: pillow in /Users/slz/anaconda3/lib/python3.6/site-packages (from image->clienBBS)
Requirement already up-to-date: django in /Users/slz/anaconda3/lib/python3.6/site-packages (from image->clienBBS)
Requirement already up-to-date: chardet<3.1.0,>=3.0.2 in /Users/slz/anaconda3/lib/python3.6/site-packages (from requests->clienBBS)
Requirement already up-to-date: idna<2.7,>=2.5 in /Users/slz/anaconda3/lib/python3.6/site-packages (from requests->clienBBS)
Requirement already up-to-date: olefile in /Users/slz/anaconda3/lib/python3.6/site-packages (from pillow->image->clienBBS)
Requirement already up-to-date: pytz in /Users/slz/anaconda3/lib/python3.6/site-packages (from django->image->clienBBS)
Requirement already up-to-date: clienBBS in /Users/slz/anaconda3/lib/python3.6/site-packages
Requirement already up-to-date: image in /Users/slz/anaconda3/lib/python3.6/site-packages (from clienBBS)
Requirement already up-to-date: certifi in /Users/slz/anaconda3/lib/python3.6/site-packages (from clienBBS)
Requirement already up-to-date: requests in /Users/slz/anaconda3/lib/python3.6/site-packages (from clienBBS)
Requirement already up-to-date: bs4 in /Users/slz/anaconda3/lib/python3.6/site-packages (from clienBBS)
Requirement already up-to-date: urllib3 in /Users/slz/anaconda3/lib/python3.6/site-packages (from clienBBS)
Requirement already up-to-date: pyreadline in /Users/slz/anaconda3/lib/python3.6/site-packages (from clienBBS)
Requirement already up-to-date: lxml in /Users/slz/anaconda3/lib/python3.6/site-packages (from clienBBS)
Requirement already up-to-date: pillow in /Users/slz/anaconda3/lib/python3.6/site-packages (from image->clienBBS)
Requirement already up-to-date: django in /Users/slz/anaconda3/lib/python3.6/site-packages (from image->clienBBS)
Requirement already up-to-date: chardet<3.1.0,>=3.0.2 in /Users/slz/anaconda3/lib/python3.6/site-packages (from requests->clienBBS)
Requirement already up-to-date: idna<2.7,>=2.5 in /Users/slz/anaconda3/lib/python3.6/site-packages (from requests->clienBBS)
Requirement already up-to-date: beautifulsoup4 in /Users/slz/anaconda3/lib/python3.6/site-packages (from bs4->clienBBS)
Requirement already up-to-date: olefile in /Users/slz/anaconda3/lib/python3.6/site-packages (from pillow->image->clienBBS)
Requirement already up-to-date: pytz in /Users/slz/anaconda3/lib/python3.6/site-packages (from django->image->clienBBS)
Requirement already up-to-date: clienBBS in /Users/slz/anaconda3/lib/python3.6/site-packages
Requirement already up-to-date: lxml in /Users/slz/anaconda3/lib/python3.6/site-packages (from clienBBS)
Requirement already up-to-date: image in /Users/slz/anaconda3/lib/python3.6/site-packages (from clienBBS)
Requirement already up-to-date: certifi in /Users/slz/anaconda3/lib/python3.6/site-packages (from clienBBS)
Requirement already up-to-date: urllib3 in /Users/slz/anaconda3/lib/python3.6/site-packages (from clienBBS)
Requirement already up-to-date: pyreadline in /Users/slz/anaconda3/lib/python3.6/site-packages (from clienBBS)
Requirement already up-to-date: requests in /Users/slz/anaconda3/lib/python3.6/site-packages (from clienBBS)
Requirement already up-to-date: bs4 in /Users/slz/anaconda3/lib/python3.6/site-packages (from clienBBS)
Requirement already up-to-date: pillow in /Users/slz/anaconda3/lib/python3.6/site-packages (from image->clienBBS)
Requirement already up-to-date: django in /Users/slz/anaconda3/lib/python3.6/site-packages (from image->clienBBS)
Requirement already up-to-date: chardet<3.1.0,>=3.0.2 in /Users/slz/anaconda3/lib/python3.6/site-packages (from requests->clienBBS)
Requirement already up-to-date: idna<2.7,>=2.5 in /Users/slz/anaconda3/lib/python3.6/site-packages (from requests->clienBBS)
Requirement already up-to-date: beautifulsoup4 in /Users/slz/anaconda3/lib/python3.6/site-packages (from bs4->clienBBS)
Requirement already up-to-date: olefile in /Users/slz/anaconda3/lib/python3.6/site-packages (from pillow->image->clienBBS)
Requirement already up-to-date: pytz in /Users/slz/anaconda3/lib/python3.6/site-packages (from django->image->clienBBS)
Requirement already up-to-date: clienBBS in /Users/slz/anaconda3/lib/python3.6/site-packages
Requirement already up-to-date: certifi in /Users/slz/anaconda3/lib/python3.6/site-packages (from clienBBS)
Requirement already up-to-date: image in /Users/slz/anaconda3/lib/python3.6/site-packages (from clienBBS)
Requirement already up-to-date: bs4 in /Users/slz/anaconda3/lib/python3.6/site-packages (from clienBBS)
Requirement already up-to-date: urllib3 in /Users/slz/anaconda3/lib/python3.6/site-packages (from clienBBS)
Requirement already up-to-date: pyreadline in /Users/slz/anaconda3/lib/python3.6/site-packages (from clienBBS)
Requirement already up-to-date: requests in /Users/slz/anaconda3/lib/python3.6/site-packages (from clienBBS)
Requirement already up-to-date: lxml in /Users/slz/anaconda3/lib/python3.6/site-packages (from clienBBS)
Requirement already up-to-date: django in /Users/slz/anaconda3/lib/python3.6/site-packages (from image->clienBBS)
Requirement already up-to-date: pillow in /Users/slz/anaconda3/lib/python3.6/site-packages (from image->clienBBS)
Requirement already up-to-date: beautifulsoup4 in /Users/slz/anaconda3/lib/python3.6/site-packages (from bs4->clienBBS)
Requirement already up-to-date: chardet<3.1.0,>=3.0.2 in /Users/slz/anaconda3/lib/python3.6/site-packages (from requests->clienBBS)
Requirement already up-to-date: idna<2.7,>=2.5 in /Users/slz/anaconda3/lib/python3.6/site-packages (from requests->clienBBS)
Requirement already up-to-date: pytz in /Users/slz/anaconda3/lib/python3.6/site-packages (from django->image->clienBBS)
Requirement already up-to-date: olefile in /Users/slz/anaconda3/lib/python3.6/site-packages (from pillow->image->clienBBS)
Requirement already up-to-date: clienBBS in /Users/slz/anaconda3/lib/python3.6/site-packages
Requirement already up-to-date: bs4 in /Users/slz/anaconda3/lib/python3.6/site-packages (from clienBBS)
Requirement already up-to-date: requests in /Users/slz/anaconda3/lib/python3.6/site-packages (from clienBBS)
Requirement already up-to-date: urllib3 in /Users/slz/anaconda3/lib/python3.6/site-packages (from clienBBS)
Requirement already up-to-date: image in /Users/slz/anaconda3/lib/python3.6/site-packages (from clienBBS)
Requirement already up-to-date: pyreadline in /Users/slz/anaconda3/lib/python3.6/site-packages (from clienBBS)
Requirement already up-to-date: certifi in /Users/slz/anaconda3/lib/python3.6/site-packages (from clienBBS)
Requirement already up-to-date: lxml in /Users/slz/anaconda3/lib/python3.6/site-packages (from clienBBS)
Requirement already up-to-date: beautifulsoup4 in /Users/slz/anaconda3/lib/python3.6/site-packages (from bs4->clienBBS)
Requirement already up-to-date: chardet<3.1.0,>=3.0.2 in /Users/slz/anaconda3/lib/python3.6/site-packages (from requests->clienBBS)
Requirement already up-to-date: idna<2.7,>=2.5 in /Users/slz/anaconda3/lib/python3.6/site-packages (from requests->clienBBS)
Requirement already up-to-date: django in /Users/slz/anaconda3/lib/python3.6/site-packages (from image->clienBBS)
Requirement already up-to-date: pillow in /Users/slz/anaconda3/lib/python3.6/site-packages (from image->clienBBS)
Requirement already up-to-date: pytz in /Users/slz/anaconda3/lib/python3.6/site-packages (from django->image->clienBBS)
Requirement already up-to-date: olefile in /Users/slz/anaconda3/lib/python3.6/site-packages (from pillow->image->clienBBS)
Requirement already up-to-date: clienBBS in /Users/slz/anaconda3/lib/python3.6/site-packages
Requirement already up-to-date: urllib3 in /Users/slz/anaconda3/lib/python3.6/site-packages (from clienBBS)
Requirement already up-to-date: bs4 in /Users/slz/anaconda3/lib/python3.6/site-packages (from clienBBS)
Requirement already up-to-date: image in /Users/slz/anaconda3/lib/python3.6/site-packages (from clienBBS)
Requirement already up-to-date: lxml in /Users/slz/anaconda3/lib/python3.6/site-packages (from clienBBS)
Requirement already up-to-date: pyreadline in /Users/slz/anaconda3/lib/python3.6/site-packages (from clienBBS)
Requirement already up-to-date: requests in /Users/slz/anaconda3/lib/python3.6/site-packages (from clienBBS)
Requirement already up-to-date: certifi in /Users/slz/anaconda3/lib/python3.6/site-packages (from clienBBS)
Requirement already up-to-date: beautifulsoup4 in /Users/slz/anaconda3/lib/python3.6/site-packages (from bs4->clienBBS)
Requirement already up-to-date: django in /Users/slz/anaconda3/lib/python3.6/site-packages (from image->clienBBS)
Requirement already up-to-date: pillow in /Users/slz/anaconda3/lib/python3.6/site-packages (from image->clienBBS)
Requirement already up-to-date: chardet<3.1.0,>=3.0.2 in /Users/slz/anaconda3/lib/python3.6/site-packages (from requests->clienBBS)
Requirement already up-to-date: idna<2.7,>=2.5 in /Users/slz/anaconda3/lib/python3.6/site-packages (from requests->clienBBS)
Requirement already up-to-date: pytz in /Users/slz/anaconda3/lib/python3.6/site-packages (from django->image->clienBBS)
Requirement already up-to-date: olefile in /Users/slz/anaconda3/lib/python3.6/site-packages (from pillow->image->clienBBS)
Requirement already up-to-date: clienBBS in /Users/slz/anaconda3/lib/python3.6/site-packages
Requirement already up-to-date: lxml in /Users/slz/anaconda3/lib/python3.6/site-packages (from clienBBS)
Requirement already up-to-date: certifi in /Users/slz/anaconda3/lib/python3.6/site-packages (from clienBBS)
Requirement already up-to-date: pyreadline in /Users/slz/anaconda3/lib/python3.6/site-packages (from clienBBS)
Requirement already up-to-date: urllib3 in /Users/slz/anaconda3/lib/python3.6/site-packages (from clienBBS)
Requirement already up-to-date: bs4 in /Users/slz/anaconda3/lib/python3.6/site-packages (from clienBBS)
Requirement already up-to-date: image in /Users/slz/anaconda3/lib/python3.6/site-packages (from clienBBS)
Requirement already up-to-date: requests in /Users/slz/anaconda3/lib/python3.6/site-packages (from clienBBS)
Requirement already up-to-date: beautifulsoup4 in /Users/slz/anaconda3/lib/python3.6/site-packages (from bs4->clienBBS)
Requirement already up-to-date: pillow in /Users/slz/anaconda3/lib/python3.6/site-packages (from image->clienBBS)
Requirement already up-to-date: django in /Users/slz/anaconda3/lib/python3.6/site-packages (from image->clienBBS)
Requirement already up-to-date: chardet<3.1.0,>=3.0.2 in /Users/slz/anaconda3/lib/python3.6/site-packages (from requests->clienBBS)
Requirement already up-to-date: idna<2.7,>=2.5 in /Users/slz/anaconda3/lib/python3.6/site-packages (from requests->clienBBS)
Requirement already up-to-date: olefile in /Users/slz/anaconda3/lib/python3.6/site-packages (from pillow->image->clienBBS)
Requirement already up-to-date: pytz in /Users/slz/anaconda3/lib/python3.6/site-packages (from django->image->clienBBS)
Requirement already up-to-date: clienBBS in /Users/slz/anaconda3/lib/python3.6/site-packages
Requirement already up-to-date: requests in /Users/slz/anaconda3/lib/python3.6/site-packages (from clienBBS)
Requirement already up-to-date: image in /Users/slz/anaconda3/lib/python3.6/site-packages (from clienBBS)
Requirement already up-to-date: bs4 in /Users/slz/anaconda3/lib/python3.6/site-packages (from clienBBS)
Requirement already up-to-date: pyreadline in /Users/slz/anaconda3/lib/python3.6/site-packages (from clienBBS)
Requirement already up-to-date: lxml in /Users/slz/anaconda3/lib/python3.6/site-packages (from clienBBS)
Requirement already up-to-date: certifi in /Users/slz/anaconda3/lib/python3.6/site-packages (from clienBBS)
Requirement already up-to-date: urllib3 in /Users/slz/anaconda3/lib/python3.6/site-packages (from clienBBS)
Requirement already up-to-date: chardet<3.1.0,>=3.0.2 in /Users/slz/anaconda3/lib/python3.6/site-packages (from requests->clienBBS)
Requirement already up-to-date: idna<2.7,>=2.5 in /Users/slz/anaconda3/lib/python3.6/site-packages (from requests->clienBBS)
Requirement already up-to-date: pillow in /Users/slz/anaconda3/lib/python3.6/site-packages (from image->clienBBS)
Requirement already up-to-date: django in /Users/slz/anaconda3/lib/python3.6/site-packages (from image->clienBBS)
Requirement already up-to-date: beautifulsoup4 in /Users/slz/anaconda3/lib/python3.6/site-packages (from bs4->clienBBS)
Requirement already up-to-date: olefile in /Users/slz/anaconda3/lib/python3.6/site-packages (from pillow->image->clienBBS)
Requirement already up-to-date: pytz in /Users/slz/anaconda3/lib/python3.6/site-packages (from django->image->clienBBS)
Requirement already up-to-date: clienBBS in /Users/slz/anaconda3/lib/python3.6/site-packages
Requirement already up-to-date: requests in /Users/slz/anaconda3/lib/python3.6/site-packages (from clienBBS)
Requirement already up-to-date: pyreadline in /Users/slz/anaconda3/lib/python3.6/site-packages (from clienBBS)
Requirement already up-to-date: certifi in /Users/slz/anaconda3/lib/python3.6/site-packages (from clienBBS)
Requirement already up-to-date: image in /Users/slz/anaconda3/lib/python3.6/site-packages (from clienBBS)
Requirement already up-to-date: urllib3 in /Users/slz/anaconda3/lib/python3.6/site-packages (from clienBBS)
Requirement already up-to-date: bs4 in /Users/slz/anaconda3/lib/python3.6/site-packages (from clienBBS)
Requirement already up-to-date: lxml in /Users/slz/anaconda3/lib/python3.6/site-packages (from clienBBS)
Requirement already up-to-date: chardet<3.1.0,>=3.0.2 in /Users/slz/anaconda3/lib/python3.6/site-packages (from requests->clienBBS)
Requirement already up-to-date: idna<2.7,>=2.5 in /Users/slz/anaconda3/lib/python3.6/site-packages (from requests->clienBBS)
Requirement already up-to-date: pillow in /Users/slz/anaconda3/lib/python3.6/site-packages (from image->clienBBS)
Requirement already up-to-date: django in /Users/slz/anaconda3/lib/python3.6/site-packages (from image->clienBBS)
Requirement already up-to-date: beautifulsoup4 in /Users/slz/anaconda3/lib/python3.6/site-packages (from bs4->clienBBS)
Requirement already up-to-date: olefile in /Users/slz/anaconda3/lib/python3.6/site-packages (from pillow->image->clienBBS)
Requirement already up-to-date: pytz in /Users/slz/anaconda3/lib/python3.6/site-packages (from django->image->clienBBS)
Requirement already up-to-date: clienBBS in /Users/slz/anaconda3/lib/python3.6/site-packages
Requirement already up-to-date: urllib3 in /Users/slz/anaconda3/lib/python3.6/site-packages (from clienBBS)
Requirement already up-to-date: bs4 in /Users/slz/anaconda3/lib/python3.6/site-packages (from clienBBS)
Requirement already up-to-date: requests in /Users/slz/anaconda3/lib/python3.6/site-packages (from clienBBS)
Requirement already up-to-date: image in /Users/slz/anaconda3/lib/python3.6/site-packages (from clienBBS)
Requirement already up-to-date: certifi in /Users/slz/anaconda3/lib/python3.6/site-packages (from clienBBS)
Requirement already up-to-date: lxml in /Users/slz/anaconda3/lib/python3.6/site-packages (from clienBBS)
Requirement already up-to-date: pyreadline in /Users/slz/anaconda3/lib/python3.6/site-packages (from clienBBS)
Requirement already up-to-date: beautifulsoup4 in /Users/slz/anaconda3/lib/python3.6/site-packages (from bs4->clienBBS)
Requirement already up-to-date: chardet<3.1.0,>=3.0.2 in /Users/slz/anaconda3/lib/python3.6/site-packages (from requests->clienBBS)
Requirement already up-to-date: idna<2.7,>=2.5 in /Users/slz/anaconda3/lib/python3.6/site-packages (from requests->clienBBS)
Requirement already up-to-date: django in /Users/slz/anaconda3/lib/python3.6/site-packages (from image->clienBBS)
Requirement already up-to-date: pillow in /Users/slz/anaconda3/lib/python3.6/site-packages (from image->clienBBS)
Requirement already up-to-date: pytz in /Users/slz/anaconda3/lib/python3.6/site-packages (from django->image->clienBBS)
Requirement already up-to-date: olefile in /Users/slz/anaconda3/lib/python3.6/site-packages (from pillow->image->clienBBS)
Requirement already up-to-date: clienBBS in /Users/slz/anaconda3/lib/python3.6/site-packages
Requirement already up-to-date: urllib3 in /Users/slz/anaconda3/lib/python3.6/site-packages (from clienBBS)
Requirement already up-to-date: bs4 in /Users/slz/anaconda3/lib/python3.6/site-packages (from clienBBS)
Requirement already up-to-date: lxml in /Users/slz/anaconda3/lib/python3.6/site-packages (from clienBBS)
Requirement already up-to-date: requests in /Users/slz/anaconda3/lib/python3.6/site-packages (from clienBBS)
Requirement already up-to-date: image in /Users/slz/anaconda3/lib/python3.6/site-packages (from clienBBS)
Requirement already up-to-date: pyreadline in /Users/slz/anaconda3/lib/python3.6/site-packages (from clienBBS)
Requirement already up-to-date: certifi in /Users/slz/anaconda3/lib/python3.6/site-packages (from clienBBS)
Requirement already up-to-date: beautifulsoup4 in /Users/slz/anaconda3/lib/python3.6/site-packages (from bs4->clienBBS)
Requirement already up-to-date: chardet<3.1.0,>=3.0.2 in /Users/slz/anaconda3/lib/python3.6/site-packages (from requests->clienBBS)
Requirement already up-to-date: idna<2.7,>=2.5 in /Users/slz/anaconda3/lib/python3.6/site-packages (from requests->clienBBS)
Requirement already up-to-date: django in /Users/slz/anaconda3/lib/python3.6/site-packages (from image->clienBBS)
Requirement already up-to-date: pillow in /Users/slz/anaconda3/lib/python3.6/site-packages (from image->clienBBS)
Requirement already up-to-date: pytz in /Users/slz/anaconda3/lib/python3.6/site-packages (from django->image->clienBBS)
Requirement already up-to-date: olefile in /Users/slz/anaconda3/lib/python3.6/site-packages (from pillow->image->clienBBS)
Collecting clienBBS
  Downloading clienBBS-0.37-py3-none-any.whl
Requirement already up-to-date: image in /Users/slz/anaconda3/lib/python3.6/site-packages (from clienBBS)
Requirement already up-to-date: lxml in /Users/slz/anaconda3/lib/python3.6/site-packages (from clienBBS)
Requirement already up-to-date: certifi in /Users/slz/anaconda3/lib/python3.6/site-packages (from clienBBS)
Requirement already up-to-date: urllib3 in /Users/slz/anaconda3/lib/python3.6/site-packages (from clienBBS)
Requirement already up-to-date: requests in /Users/slz/anaconda3/lib/python3.6/site-packages (from clienBBS)
Requirement already up-to-date: pyreadline in /Users/slz/anaconda3/lib/python3.6/site-packages (from clienBBS)
Requirement already up-to-date: bs4 in /Users/slz/anaconda3/lib/python3.6/site-packages (from clienBBS)
Requirement already up-to-date: pillow in /Users/slz/anaconda3/lib/python3.6/site-packages (from image->clienBBS)
Requirement already up-to-date: django in /Users/slz/anaconda3/lib/python3.6/site-packages (from image->clienBBS)
Requirement already up-to-date: chardet<3.1.0,>=3.0.2 in /Users/slz/anaconda3/lib/python3.6/site-packages (from requests->clienBBS)
Requirement already up-to-date: idna<2.7,>=2.5 in /Users/slz/anaconda3/lib/python3.6/site-packages (from requests->clienBBS)
Requirement already up-to-date: beautifulsoup4 in /Users/slz/anaconda3/lib/python3.6/site-packages (from bs4->clienBBS)
Requirement already up-to-date: olefile in /Users/slz/anaconda3/lib/python3.6/site-packages (from pillow->image->clienBBS)
Requirement already up-to-date: pytz in /Users/slz/anaconda3/lib/python3.6/site-packages (from django->image->clienBBS)
Installing collected packages: clienBBS
  Found existing installation: clienBBS 0.36
    Uninstalling clienBBS-0.36:
      Successfully uninstalled clienBBS-0.36
Successfully installed clienBBS-0.37
Requirement already up-to-date: clienBBS in /Users/slz/anaconda3/lib/python3.6/site-packages
Requirement already up-to-date: pyreadline in /Users/slz/anaconda3/lib/python3.6/site-packages (from clienBBS)
Requirement already up-to-date: certifi in /Users/slz/anaconda3/lib/python3.6/site-packages (from clienBBS)
Requirement already up-to-date: requests in /Users/slz/anaconda3/lib/python3.6/site-packages (from clienBBS)
Requirement already up-to-date: lxml in /Users/slz/anaconda3/lib/python3.6/site-packages (from clienBBS)
Requirement already up-to-date: image in /Users/slz/anaconda3/lib/python3.6/site-packages (from clienBBS)
Requirement already up-to-date: urllib3 in /Users/slz/anaconda3/lib/python3.6/site-packages (from clienBBS)
Requirement already up-to-date: bs4 in /Users/slz/anaconda3/lib/python3.6/site-packages (from clienBBS)
Requirement already up-to-date: chardet<3.1.0,>=3.0.2 in /Users/slz/anaconda3/lib/python3.6/site-packages (from requests->clienBBS)
Requirement already up-to-date: idna<2.7,>=2.5 in /Users/slz/anaconda3/lib/python3.6/site-packages (from requests->clienBBS)
Requirement already up-to-date: pillow in /Users/slz/anaconda3/lib/python3.6/site-packages (from image->clienBBS)
Requirement already up-to-date: django in /Users/slz/anaconda3/lib/python3.6/site-packages (from image->clienBBS)
Requirement already up-to-date: beautifulsoup4 in /Users/slz/anaconda3/lib/python3.6/site-packages (from bs4->clienBBS)
Requirement already up-to-date: olefile in /Users/slz/anaconda3/lib/python3.6/site-packages (from pillow->image->clienBBS)
Requirement already up-to-date: pytz in /Users/slz/anaconda3/lib/python3.6/site-packages (from django->image->clienBBS)
Requirement already up-to-date: clienBBS in /Users/slz/anaconda3/lib/python3.6/site-packages
Requirement already up-to-date: image in /Users/slz/anaconda3/lib/python3.6/site-packages (from clienBBS)
Requirement already up-to-date: lxml in /Users/slz/anaconda3/lib/python3.6/site-packages (from clienBBS)
Requirement already up-to-date: requests in /Users/slz/anaconda3/lib/python3.6/site-packages (from clienBBS)
Requirement already up-to-date: certifi in /Users/slz/anaconda3/lib/python3.6/site-packages (from clienBBS)
Requirement already up-to-date: urllib3 in /Users/slz/anaconda3/lib/python3.6/site-packages (from clienBBS)
Requirement already up-to-date: bs4 in /Users/slz/anaconda3/lib/python3.6/site-packages (from clienBBS)
Requirement already up-to-date: pyreadline in /Users/slz/anaconda3/lib/python3.6/site-packages (from clienBBS)
Requirement already up-to-date: django in /Users/slz/anaconda3/lib/python3.6/site-packages (from image->clienBBS)
Requirement already up-to-date: pillow in /Users/slz/anaconda3/lib/python3.6/site-packages (from image->clienBBS)
Requirement already up-to-date: chardet<3.1.0,>=3.0.2 in /Users/slz/anaconda3/lib/python3.6/site-packages (from requests->clienBBS)
Requirement already up-to-date: idna<2.7,>=2.5 in /Users/slz/anaconda3/lib/python3.6/site-packages (from requests->clienBBS)
Requirement already up-to-date: beautifulsoup4 in /Users/slz/anaconda3/lib/python3.6/site-packages (from bs4->clienBBS)
Requirement already up-to-date: pytz in /Users/slz/anaconda3/lib/python3.6/site-packages (from django->image->clienBBS)
Requirement already up-to-date: clienBBS in /Users/slz/anaconda3/lib/python3.6/site-packages
Requirement already up-to-date: urllib3 in /Users/slz/anaconda3/lib/python3.6/site-packages (from clienBBS)
Requirement already up-to-date: certifi in /Users/slz/anaconda3/lib/python3.6/site-packages (from clienBBS)
Requirement already up-to-date: image in /Users/slz/anaconda3/lib/python3.6/site-packages (from clienBBS)
Requirement already up-to-date: bs4 in /Users/slz/anaconda3/lib/python3.6/site-packages (from clienBBS)
Requirement already up-to-date: requests in /Users/slz/anaconda3/lib/python3.6/site-packages (from clienBBS)
Requirement already up-to-date: pyreadline in /Users/slz/anaconda3/lib/python3.6/site-packages (from clienBBS)
Requirement already up-to-date: lxml in /Users/slz/anaconda3/lib/python3.6/site-packages (from clienBBS)
Requirement already up-to-date: django in /Users/slz/anaconda3/lib/python3.6/site-packages (from image->clienBBS)
Requirement already up-to-date: pillow in /Users/slz/anaconda3/lib/python3.6/site-packages (from image->clienBBS)
Requirement already up-to-date: beautifulsoup4 in /Users/slz/anaconda3/lib/python3.6/site-packages (from bs4->clienBBS)
Requirement already up-to-date: chardet<3.1.0,>=3.0.2 in /Users/slz/anaconda3/lib/python3.6/site-packages (from requests->clienBBS)
Requirement already up-to-date: idna<2.7,>=2.5 in /Users/slz/anaconda3/lib/python3.6/site-packages (from requests->clienBBS)
Requirement already up-to-date: pytz in /Users/slz/anaconda3/lib/python3.6/site-packages (from django->image->clienBBS)
Requirement already up-to-date: clienBBS in /Users/slz/anaconda3/lib/python3.6/site-packages
Requirement already up-to-date: bs4 in /Users/slz/anaconda3/lib/python3.6/site-packages (from clienBBS)
Requirement already up-to-date: image in /Users/slz/anaconda3/lib/python3.6/site-packages (from clienBBS)
Requirement already up-to-date: certifi in /Users/slz/anaconda3/lib/python3.6/site-packages (from clienBBS)
Requirement already up-to-date: urllib3 in /Users/slz/anaconda3/lib/python3.6/site-packages (from clienBBS)
Requirement already up-to-date: pyreadline in /Users/slz/anaconda3/lib/python3.6/site-packages (from clienBBS)
Requirement already up-to-date: requests in /Users/slz/anaconda3/lib/python3.6/site-packages (from clienBBS)
Requirement already up-to-date: lxml in /Users/slz/anaconda3/lib/python3.6/site-packages (from clienBBS)
Requirement already up-to-date: beautifulsoup4 in /Users/slz/anaconda3/lib/python3.6/site-packages (from bs4->clienBBS)
Requirement already up-to-date: django in /Users/slz/anaconda3/lib/python3.6/site-packages (from image->clienBBS)
Requirement already up-to-date: pillow in /Users/slz/anaconda3/lib/python3.6/site-packages (from image->clienBBS)
Requirement already up-to-date: chardet<3.1.0,>=3.0.2 in /Users/slz/anaconda3/lib/python3.6/site-packages (from requests->clienBBS)
Requirement already up-to-date: idna<2.7,>=2.5 in /Users/slz/anaconda3/lib/python3.6/site-packages (from requests->clienBBS)
Requirement already up-to-date: pytz in /Users/slz/anaconda3/lib/python3.6/site-packages (from django->image->clienBBS)
Requirement already up-to-date: clienBBS in /Users/slz/anaconda3/lib/python3.6/site-packages
Requirement already up-to-date: pyreadline in /Users/slz/anaconda3/lib/python3.6/site-packages (from clienBBS)
Requirement already up-to-date: bs4 in /Users/slz/anaconda3/lib/python3.6/site-packages (from clienBBS)
Requirement already up-to-date: urllib3 in /Users/slz/anaconda3/lib/python3.6/site-packages (from clienBBS)
Requirement already up-to-date: lxml in /Users/slz/anaconda3/lib/python3.6/site-packages (from clienBBS)
Requirement already up-to-date: requests in /Users/slz/anaconda3/lib/python3.6/site-packages (from clienBBS)
Requirement already up-to-date: image in /Users/slz/anaconda3/lib/python3.6/site-packages (from clienBBS)
Requirement already up-to-date: certifi in /Users/slz/anaconda3/lib/python3.6/site-packages (from clienBBS)
Requirement already up-to-date: beautifulsoup4 in /Users/slz/anaconda3/lib/python3.6/site-packages (from bs4->clienBBS)
Requirement already up-to-date: chardet<3.1.0,>=3.0.2 in /Users/slz/anaconda3/lib/python3.6/site-packages (from requests->clienBBS)
Requirement already up-to-date: idna<2.7,>=2.5 in /Users/slz/anaconda3/lib/python3.6/site-packages (from requests->clienBBS)
Requirement already up-to-date: pillow in /Users/slz/anaconda3/lib/python3.6/site-packages (from image->clienBBS)
Requirement already up-to-date: django in /Users/slz/anaconda3/lib/python3.6/site-packages (from image->clienBBS)
Requirement already up-to-date: pytz in /Users/slz/anaconda3/lib/python3.6/site-packages (from django->image->clienBBS)
Requirement already up-to-date: clienBBS in /Users/slz/anaconda3/lib/python3.6/site-packages
Requirement already up-to-date: certifi in /Users/slz/anaconda3/lib/python3.6/site-packages (from clienBBS)
Requirement already up-to-date: pyreadline in /Users/slz/anaconda3/lib/python3.6/site-packages (from clienBBS)
Requirement already up-to-date: image in /Users/slz/anaconda3/lib/python3.6/site-packages (from clienBBS)
Requirement already up-to-date: urllib3 in /Users/slz/anaconda3/lib/python3.6/site-packages (from clienBBS)
Requirement already up-to-date: bs4 in /Users/slz/anaconda3/lib/python3.6/site-packages (from clienBBS)
Requirement already up-to-date: lxml in /Users/slz/anaconda3/lib/python3.6/site-packages (from clienBBS)
Requirement already up-to-date: requests in /Users/slz/anaconda3/lib/python3.6/site-packages (from clienBBS)
Requirement already up-to-date: pillow in /Users/slz/anaconda3/lib/python3.6/site-packages (from image->clienBBS)
Requirement already up-to-date: django in /Users/slz/anaconda3/lib/python3.6/site-packages (from image->clienBBS)
Requirement already up-to-date: beautifulsoup4 in /Users/slz/anaconda3/lib/python3.6/site-packages (from bs4->clienBBS)
Requirement already up-to-date: chardet<3.1.0,>=3.0.2 in /Users/slz/anaconda3/lib/python3.6/site-packages (from requests->clienBBS)
Requirement already up-to-date: idna<2.7,>=2.5 in /Users/slz/anaconda3/lib/python3.6/site-packages (from requests->clienBBS)
Requirement already up-to-date: pytz in /Users/slz/anaconda3/lib/python3.6/site-packages (from django->image->clienBBS)
Requirement already up-to-date: clienBBS in /Users/slz/anaconda3/lib/python3.6/site-packages
Requirement already up-to-date: urllib3 in /Users/slz/anaconda3/lib/python3.6/site-packages (from clienBBS)
Requirement already up-to-date: certifi in /Users/slz/anaconda3/lib/python3.6/site-packages (from clienBBS)
Requirement already up-to-date: bs4 in /Users/slz/anaconda3/lib/python3.6/site-packages (from clienBBS)
Requirement already up-to-date: image in /Users/slz/anaconda3/lib/python3.6/site-packages (from clienBBS)
Requirement already up-to-date: lxml in /Users/slz/anaconda3/lib/python3.6/site-packages (from clienBBS)
Requirement already up-to-date: pyreadline in /Users/slz/anaconda3/lib/python3.6/site-packages (from clienBBS)
Requirement already up-to-date: requests in /Users/slz/anaconda3/lib/python3.6/site-packages (from clienBBS)
Requirement already up-to-date: beautifulsoup4 in /Users/slz/anaconda3/lib/python3.6/site-packages (from bs4->clienBBS)
Requirement already up-to-date: django in /Users/slz/anaconda3/lib/python3.6/site-packages (from image->clienBBS)
Requirement already up-to-date: pillow in /Users/slz/anaconda3/lib/python3.6/site-packages (from image->clienBBS)
Requirement already up-to-date: chardet<3.1.0,>=3.0.2 in /Users/slz/anaconda3/lib/python3.6/site-packages (from requests->clienBBS)
Requirement already up-to-date: idna<2.7,>=2.5 in /Users/slz/anaconda3/lib/python3.6/site-packages (from requests->clienBBS)
Requirement already up-to-date: pytz in /Users/slz/anaconda3/lib/python3.6/site-packages (from django->image->clienBBS)
Requirement already up-to-date: clienBBS in /Users/slz/anaconda3/lib/python3.6/site-packages
Requirement already up-to-date: image in /Users/slz/anaconda3/lib/python3.6/site-packages (from clienBBS)
Requirement already up-to-date: pyreadline in /Users/slz/anaconda3/lib/python3.6/site-packages (from clienBBS)
Requirement already up-to-date: lxml in /Users/slz/anaconda3/lib/python3.6/site-packages (from clienBBS)
Requirement already up-to-date: bs4 in /Users/slz/anaconda3/lib/python3.6/site-packages (from clienBBS)
Requirement already up-to-date: certifi in /Users/slz/anaconda3/lib/python3.6/site-packages (from clienBBS)
Requirement already up-to-date: urllib3 in /Users/slz/anaconda3/lib/python3.6/site-packages (from clienBBS)
Requirement already up-to-date: requests in /Users/slz/anaconda3/lib/python3.6/site-packages (from clienBBS)
Requirement already up-to-date: django in /Users/slz/anaconda3/lib/python3.6/site-packages (from image->clienBBS)
Requirement already up-to-date: pillow in /Users/slz/anaconda3/lib/python3.6/site-packages (from image->clienBBS)
Requirement already up-to-date: beautifulsoup4 in /Users/slz/anaconda3/lib/python3.6/site-packages (from bs4->clienBBS)
Requirement already up-to-date: chardet<3.1.0,>=3.0.2 in /Users/slz/anaconda3/lib/python3.6/site-packages (from requests->clienBBS)
Requirement already up-to-date: idna<2.7,>=2.5 in /Users/slz/anaconda3/lib/python3.6/site-packages (from requests->clienBBS)
Requirement already up-to-date: pytz in /Users/slz/anaconda3/lib/python3.6/site-packages (from django->image->clienBBS)
Requirement already up-to-date: clienBBS in /Users/slz/anaconda3/lib/python3.6/site-packages
Requirement already up-to-date: pyreadline in /Users/slz/anaconda3/lib/python3.6/site-packages (from clienBBS)
Requirement already up-to-date: bs4 in /Users/slz/anaconda3/lib/python3.6/site-packages (from clienBBS)
Requirement already up-to-date: urllib3 in /Users/slz/anaconda3/lib/python3.6/site-packages (from clienBBS)
Requirement already up-to-date: requests in /Users/slz/anaconda3/lib/python3.6/site-packages (from clienBBS)
Requirement already up-to-date: lxml in /Users/slz/anaconda3/lib/python3.6/site-packages (from clienBBS)
Requirement already up-to-date: image in /Users/slz/anaconda3/lib/python3.6/site-packages (from clienBBS)
Requirement already up-to-date: certifi in /Users/slz/anaconda3/lib/python3.6/site-packages (from clienBBS)
Requirement already up-to-date: beautifulsoup4 in /Users/slz/anaconda3/lib/python3.6/site-packages (from bs4->clienBBS)
Requirement already up-to-date: chardet<3.1.0,>=3.0.2 in /Users/slz/anaconda3/lib/python3.6/site-packages (from requests->clienBBS)
Requirement already up-to-date: idna<2.7,>=2.5 in /Users/slz/anaconda3/lib/python3.6/site-packages (from requests->clienBBS)
Requirement already up-to-date: django in /Users/slz/anaconda3/lib/python3.6/site-packages (from image->clienBBS)
Requirement already up-to-date: pillow in /Users/slz/anaconda3/lib/python3.6/site-packages (from image->clienBBS)
Requirement already up-to-date: pytz in /Users/slz/anaconda3/lib/python3.6/site-packages (from django->image->clienBBS)
Requirement already up-to-date: clienBBS in /Users/slz/anaconda3/lib/python3.6/site-packages
Requirement already up-to-date: image in /Users/slz/anaconda3/lib/python3.6/site-packages (from clienBBS)
Requirement already up-to-date: bs4 in /Users/slz/anaconda3/lib/python3.6/site-packages (from clienBBS)
Requirement already up-to-date: requests in /Users/slz/anaconda3/lib/python3.6/site-packages (from clienBBS)
Requirement already up-to-date: lxml in /Users/slz/anaconda3/lib/python3.6/site-packages (from clienBBS)
Requirement already up-to-date: pyreadline in /Users/slz/anaconda3/lib/python3.6/site-packages (from clienBBS)
Requirement already up-to-date: urllib3 in /Users/slz/anaconda3/lib/python3.6/site-packages (from clienBBS)
Requirement already up-to-date: certifi in /Users/slz/anaconda3/lib/python3.6/site-packages (from clienBBS)
Requirement already up-to-date: django in /Users/slz/anaconda3/lib/python3.6/site-packages (from image->clienBBS)
Requirement already up-to-date: pillow in /Users/slz/anaconda3/lib/python3.6/site-packages (from image->clienBBS)
Requirement already up-to-date: beautifulsoup4 in /Users/slz/anaconda3/lib/python3.6/site-packages (from bs4->clienBBS)
Requirement already up-to-date: chardet<3.1.0,>=3.0.2 in /Users/slz/anaconda3/lib/python3.6/site-packages (from requests->clienBBS)
Requirement already up-to-date: idna<2.7,>=2.5 in /Users/slz/anaconda3/lib/python3.6/site-packages (from requests->clienBBS)
Requirement already up-to-date: pytz in /Users/slz/anaconda3/lib/python3.6/site-packages (from django->image->clienBBS)
Requirement already up-to-date: clienBBS in /Users/slz/anaconda3/lib/python3.6/site-packages
Requirement already up-to-date: image in /Users/slz/anaconda3/lib/python3.6/site-packages (from clienBBS)
Requirement already up-to-date: bs4 in /Users/slz/anaconda3/lib/python3.6/site-packages (from clienBBS)
Requirement already up-to-date: pyreadline in /Users/slz/anaconda3/lib/python3.6/site-packages (from clienBBS)
Requirement already up-to-date: lxml in /Users/slz/anaconda3/lib/python3.6/site-packages (from clienBBS)
Requirement already up-to-date: certifi in /Users/slz/anaconda3/lib/python3.6/site-packages (from clienBBS)
Requirement already up-to-date: urllib3 in /Users/slz/anaconda3/lib/python3.6/site-packages (from clienBBS)
Requirement already up-to-date: requests in /Users/slz/anaconda3/lib/python3.6/site-packages (from clienBBS)
Requirement already up-to-date: pillow in /Users/slz/anaconda3/lib/python3.6/site-packages (from image->clienBBS)
Requirement already up-to-date: django in /Users/slz/anaconda3/lib/python3.6/site-packages (from image->clienBBS)
Requirement already up-to-date: beautifulsoup4 in /Users/slz/anaconda3/lib/python3.6/site-packages (from bs4->clienBBS)
Requirement already up-to-date: chardet<3.1.0,>=3.0.2 in /Users/slz/anaconda3/lib/python3.6/site-packages (from requests->clienBBS)
Requirement already up-to-date: idna<2.7,>=2.5 in /Users/slz/anaconda3/lib/python3.6/site-packages (from requests->clienBBS)
Requirement already up-to-date: pytz in /Users/slz/anaconda3/lib/python3.6/site-packages (from django->image->clienBBS)
Requirement already up-to-date: clienBBS in /Users/slz/anaconda/lib/python3.6/site-packages
Requirement already up-to-date: urllib3 in /Users/slz/anaconda/lib/python3.6/site-packages (from clienBBS)
Requirement already up-to-date: bs4 in /Users/slz/anaconda/lib/python3.6/site-packages (from clienBBS)
Requirement already up-to-date: requests in /Users/slz/anaconda/lib/python3.6/site-packages (from clienBBS)
Requirement already up-to-date: image in /Users/slz/anaconda/lib/python3.6/site-packages (from clienBBS)
Requirement already up-to-date: pyreadline in /Users/slz/anaconda/lib/python3.6/site-packages (from clienBBS)
Requirement already up-to-date: certifi in /Users/slz/anaconda/lib/python3.6/site-packages (from clienBBS)
Requirement already up-to-date: lxml in /Users/slz/anaconda/lib/python3.6/site-packages (from clienBBS)
Requirement already up-to-date: beautifulsoup4 in /Users/slz/anaconda/lib/python3.6/site-packages (from bs4->clienBBS)
Requirement already up-to-date: idna<2.8,>=2.5 in /Users/slz/anaconda/lib/python3.6/site-packages (from requests->clienBBS)
Requirement already up-to-date: chardet<3.1.0,>=3.0.2 in /Users/slz/anaconda/lib/python3.6/site-packages (from requests->clienBBS)
Requirement already up-to-date: pillow in /Users/slz/anaconda/lib/python3.6/site-packages (from image->clienBBS)
Requirement already up-to-date: django in /Users/slz/anaconda/lib/python3.6/site-packages (from image->clienBBS)
Requirement already up-to-date: pytz in /Users/slz/anaconda/lib/python3.6/site-packages (from django->image->clienBBS)
Requirement already up-to-date: clienBBS in /Users/slz/anaconda/lib/python3.6/site-packages
Requirement already up-to-date: bs4 in /Users/slz/anaconda/lib/python3.6/site-packages (from clienBBS)
Requirement already up-to-date: pyreadline in /Users/slz/anaconda/lib/python3.6/site-packages (from clienBBS)
Requirement already up-to-date: image in /Users/slz/anaconda/lib/python3.6/site-packages (from clienBBS)
Requirement already up-to-date: certifi in /Users/slz/anaconda/lib/python3.6/site-packages (from clienBBS)
Requirement already up-to-date: requests in /Users/slz/anaconda/lib/python3.6/site-packages (from clienBBS)
Requirement already up-to-date: lxml in /Users/slz/anaconda/lib/python3.6/site-packages (from clienBBS)
Requirement already up-to-date: urllib3 in /Users/slz/anaconda/lib/python3.6/site-packages (from clienBBS)
Requirement already up-to-date: beautifulsoup4 in /Users/slz/anaconda/lib/python3.6/site-packages (from bs4->clienBBS)
Requirement already up-to-date: django in /Users/slz/anaconda/lib/python3.6/site-packages (from image->clienBBS)
Requirement already up-to-date: pillow in /Users/slz/anaconda/lib/python3.6/site-packages (from image->clienBBS)
Requirement already up-to-date: idna<2.8,>=2.5 in /Users/slz/anaconda/lib/python3.6/site-packages (from requests->clienBBS)
Requirement already up-to-date: chardet<3.1.0,>=3.0.2 in /Users/slz/anaconda/lib/python3.6/site-packages (from requests->clienBBS)
Requirement already up-to-date: pytz in /Users/slz/anaconda/lib/python3.6/site-packages (from django->image->clienBBS)
Requirement already up-to-date: clienBBS in /Users/slz/anaconda/lib/python3.6/site-packages
Requirement already up-to-date: requests in /Users/slz/anaconda/lib/python3.6/site-packages (from clienBBS)
Requirement already up-to-date: lxml in /Users/slz/anaconda/lib/python3.6/site-packages (from clienBBS)
Requirement already up-to-date: urllib3 in /Users/slz/anaconda/lib/python3.6/site-packages (from clienBBS)
Requirement already up-to-date: pyreadline in /Users/slz/anaconda/lib/python3.6/site-packages (from clienBBS)
Requirement already up-to-date: bs4 in /Users/slz/anaconda/lib/python3.6/site-packages (from clienBBS)
Requirement already up-to-date: image in /Users/slz/anaconda/lib/python3.6/site-packages (from clienBBS)
Requirement already up-to-date: certifi in /Users/slz/anaconda/lib/python3.6/site-packages (from clienBBS)
Requirement already up-to-date: idna<2.8,>=2.5 in /Users/slz/anaconda/lib/python3.6/site-packages (from requests->clienBBS)
Requirement already up-to-date: chardet<3.1.0,>=3.0.2 in /Users/slz/anaconda/lib/python3.6/site-packages (from requests->clienBBS)
Requirement already up-to-date: beautifulsoup4 in /Users/slz/anaconda/lib/python3.6/site-packages (from bs4->clienBBS)
Requirement already up-to-date: django in /Users/slz/anaconda/lib/python3.6/site-packages (from image->clienBBS)
Requirement already up-to-date: pillow in /Users/slz/anaconda/lib/python3.6/site-packages (from image->clienBBS)
Requirement already up-to-date: pytz in /Users/slz/anaconda/lib/python3.6/site-packages (from django->image->clienBBS)
Requirement already up-to-date: clienBBS in /Users/slz/anaconda/lib/python3.6/site-packages
Requirement already up-to-date: lxml in /Users/slz/anaconda/lib/python3.6/site-packages (from clienBBS)
Requirement already up-to-date: certifi in /Users/slz/anaconda/lib/python3.6/site-packages (from clienBBS)
Requirement already up-to-date: bs4 in /Users/slz/anaconda/lib/python3.6/site-packages (from clienBBS)
Requirement already up-to-date: pyreadline in /Users/slz/anaconda/lib/python3.6/site-packages (from clienBBS)
Requirement already up-to-date: requests in /Users/slz/anaconda/lib/python3.6/site-packages (from clienBBS)
Requirement already up-to-date: urllib3 in /Users/slz/anaconda/lib/python3.6/site-packages (from clienBBS)
Requirement already up-to-date: image in /Users/slz/anaconda/lib/python3.6/site-packages (from clienBBS)
Requirement already up-to-date: beautifulsoup4 in /Users/slz/anaconda/lib/python3.6/site-packages (from bs4->clienBBS)
Requirement already up-to-date: idna<2.8,>=2.5 in /Users/slz/anaconda/lib/python3.6/site-packages (from requests->clienBBS)
Requirement already up-to-date: chardet<3.1.0,>=3.0.2 in /Users/slz/anaconda/lib/python3.6/site-packages (from requests->clienBBS)
Requirement already up-to-date: django in /Users/slz/anaconda/lib/python3.6/site-packages (from image->clienBBS)
Requirement already up-to-date: pillow in /Users/slz/anaconda/lib/python3.6/site-packages (from image->clienBBS)
Requirement already up-to-date: pytz in /Users/slz/anaconda/lib/python3.6/site-packages (from django->image->clienBBS)
Requirement already up-to-date: clienBBS in /Users/slz/anaconda/lib/python3.6/site-packages (0.40)
Requirement not upgraded as not directly required: urllib3 in /Users/slz/anaconda/lib/python3.6/site-packages (from clienBBS) (1.23)
Requirement not upgraded as not directly required: requests in /Users/slz/anaconda/lib/python3.6/site-packages (from clienBBS) (2.19.1)
Requirement not upgraded as not directly required: pyreadline in /Users/slz/anaconda/lib/python3.6/site-packages (from clienBBS) (2.1)
Requirement not upgraded as not directly required: certifi in /Users/slz/anaconda/lib/python3.6/site-packages (from clienBBS) (2018.4.16)
Requirement not upgraded as not directly required: lxml in /Users/slz/anaconda/lib/python3.6/site-packages (from clienBBS) (4.2.3)
Requirement not upgraded as not directly required: bs4 in /Users/slz/anaconda/lib/python3.6/site-packages (from clienBBS) (0.0.1)
Requirement not upgraded as not directly required: image in /Users/slz/anaconda/lib/python3.6/site-packages (from clienBBS) (1.5.24)
Requirement not upgraded as not directly required: idna<2.8,>=2.5 in /Users/slz/anaconda/lib/python3.6/site-packages (from requests->clienBBS) (2.7)
Requirement not upgraded as not directly required: chardet<3.1.0,>=3.0.2 in /Users/slz/anaconda/lib/python3.6/site-packages (from requests->clienBBS) (3.0.4)
Requirement not upgraded as not directly required: beautifulsoup4 in /Users/slz/anaconda/lib/python3.6/site-packages (from bs4->clienBBS) (4.6.0)
Requirement not upgraded as not directly required: pillow in /Users/slz/anaconda/lib/python3.6/site-packages (from image->clienBBS) (5.2.0)
Requirement not upgraded as not directly required: django in /Users/slz/anaconda/lib/python3.6/site-packages (from image->clienBBS) (2.0.7)
Requirement not upgraded as not directly required: pytz in /Users/slz/anaconda/lib/python3.6/site-packages (from django->image->clienBBS) (2018.5)
Requirement already up-to-date: clienBBS in /Users/slz/anaconda/lib/python3.6/site-packages (0.40)
Requirement not upgraded as not directly required: certifi in /Users/slz/anaconda/lib/python3.6/site-packages (from clienBBS) (2018.4.16)
Requirement not upgraded as not directly required: pyreadline in /Users/slz/anaconda/lib/python3.6/site-packages (from clienBBS) (2.1)
Requirement not upgraded as not directly required: requests in /Users/slz/anaconda/lib/python3.6/site-packages (from clienBBS) (2.19.1)
Requirement not upgraded as not directly required: image in /Users/slz/anaconda/lib/python3.6/site-packages (from clienBBS) (1.5.24)
Requirement not upgraded as not directly required: urllib3 in /Users/slz/anaconda/lib/python3.6/site-packages (from clienBBS) (1.23)
Requirement not upgraded as not directly required: bs4 in /Users/slz/anaconda/lib/python3.6/site-packages (from clienBBS) (0.0.1)
Requirement not upgraded as not directly required: lxml in /Users/slz/anaconda/lib/python3.6/site-packages (from clienBBS) (4.2.3)
Requirement not upgraded as not directly required: idna<2.8,>=2.5 in /Users/slz/anaconda/lib/python3.6/site-packages (from requests->clienBBS) (2.7)
Requirement not upgraded as not directly required: chardet<3.1.0,>=3.0.2 in /Users/slz/anaconda/lib/python3.6/site-packages (from requests->clienBBS) (3.0.4)
Requirement not upgraded as not directly required: pillow in /Users/slz/anaconda/lib/python3.6/site-packages (from image->clienBBS) (5.2.0)
Requirement not upgraded as not directly required: django in /Users/slz/anaconda/lib/python3.6/site-packages (from image->clienBBS) (2.0.7)
Requirement not upgraded as not directly required: beautifulsoup4 in /Users/slz/anaconda/lib/python3.6/site-packages (from bs4->clienBBS) (4.6.0)
Requirement not upgraded as not directly required: pytz in /Users/slz/anaconda/lib/python3.6/site-packages (from django->image->clienBBS) (2018.5)
Requirement already up-to-date: clienBBS in /Users/slz/anaconda/lib/python3.6/site-packages (0.40)
Requirement not upgraded as not directly required: bs4 in /Users/slz/anaconda/lib/python3.6/site-packages (from clienBBS) (0.0.1)
Requirement not upgraded as not directly required: urllib3 in /Users/slz/anaconda/lib/python3.6/site-packages (from clienBBS) (1.23)
Requirement not upgraded as not directly required: certifi in /Users/slz/anaconda/lib/python3.6/site-packages (from clienBBS) (2018.4.16)
Requirement not upgraded as not directly required: pyreadline in /Users/slz/anaconda/lib/python3.6/site-packages (from clienBBS) (2.1)
Requirement not upgraded as not directly required: lxml in /Users/slz/anaconda/lib/python3.6/site-packages (from clienBBS) (4.2.3)
Requirement not upgraded as not directly required: image in /Users/slz/anaconda/lib/python3.6/site-packages (from clienBBS) (1.5.24)
Requirement not upgraded as not directly required: requests in /Users/slz/anaconda/lib/python3.6/site-packages (from clienBBS) (2.19.1)
Requirement not upgraded as not directly required: beautifulsoup4 in /Users/slz/anaconda/lib/python3.6/site-packages (from bs4->clienBBS) (4.6.0)
Requirement not upgraded as not directly required: pillow in /Users/slz/anaconda/lib/python3.6/site-packages (from image->clienBBS) (5.2.0)
Requirement not upgraded as not directly required: django in /Users/slz/anaconda/lib/python3.6/site-packages (from image->clienBBS) (2.0.7)
Requirement not upgraded as not directly required: chardet<3.1.0,>=3.0.2 in /Users/slz/anaconda/lib/python3.6/site-packages (from requests->clienBBS) (3.0.4)
Requirement not upgraded as not directly required: idna<2.8,>=2.5 in /Users/slz/anaconda/lib/python3.6/site-packages (from requests->clienBBS) (2.7)
Requirement not upgraded as not directly required: pytz in /Users/slz/anaconda/lib/python3.6/site-packages (from django->image->clienBBS) (2018.5)
Requirement already up-to-date: clienBBS in /Users/slz/anaconda/lib/python3.6/site-packages (0.40)
Requirement not upgraded as not directly required: urllib3 in /Users/slz/anaconda/lib/python3.6/site-packages (from clienBBS) (1.23)
Requirement not upgraded as not directly required: certifi in /Users/slz/anaconda/lib/python3.6/site-packages (from clienBBS) (2018.4.16)
Requirement not upgraded as not directly required: image in /Users/slz/anaconda/lib/python3.6/site-packages (from clienBBS) (1.5.24)
Requirement not upgraded as not directly required: pyreadline in /Users/slz/anaconda/lib/python3.6/site-packages (from clienBBS) (2.1)
Requirement not upgraded as not directly required: lxml in /Users/slz/anaconda/lib/python3.6/site-packages (from clienBBS) (4.2.3)
Requirement not upgraded as not directly required: requests in /Users/slz/anaconda/lib/python3.6/site-packages (from clienBBS) (2.19.1)
Requirement not upgraded as not directly required: bs4 in /Users/slz/anaconda/lib/python3.6/site-packages (from clienBBS) (0.0.1)
Requirement not upgraded as not directly required: django in /Users/slz/anaconda/lib/python3.6/site-packages (from image->clienBBS) (2.0.7)
Requirement not upgraded as not directly required: pillow in /Users/slz/anaconda/lib/python3.6/site-packages (from image->clienBBS) (5.2.0)
Requirement not upgraded as not directly required: chardet<3.1.0,>=3.0.2 in /Users/slz/anaconda/lib/python3.6/site-packages (from requests->clienBBS) (3.0.4)
Requirement not upgraded as not directly required: idna<2.8,>=2.5 in /Users/slz/anaconda/lib/python3.6/site-packages (from requests->clienBBS) (2.7)
Requirement not upgraded as not directly required: beautifulsoup4 in /Users/slz/anaconda/lib/python3.6/site-packages (from bs4->clienBBS) (4.6.0)
Requirement not upgraded as not directly required: pytz in /Users/slz/anaconda/lib/python3.6/site-packages (from django->image->clienBBS) (2018.5)
